<?xml version="1.0" encoding="UTF-8"?>
<testsuite xmlns:xsi="http://www.w3.org/2001/XMLSchema-instance" xsi:noNamespaceSchemaLocation="https://maven.apache.org/surefire/maven-surefire-plugin/xsd/surefire-test-report-3.0.xsd" version="3.0" name="library_management.ReaderTest" time="0.65" tests="15" errors="0" skipped="0" failures="0">
  <properties>
[...]
</properties>
  <testcase name="check_username_existsTest(String, boolean)[1]" classname="library_management.ReaderTest" time="0.08"/>
  <testcase name="check_username_existsTest(String, boolean)[2]" classname="library_management.ReaderTest" time="0.023"/>
  <testcase name="KiemTraDangNhapADMINTest(String, String, boolean)[1]" classname="library_management.ReaderTest" time="0.036"/>
  <testcase name="KiemTraDangNhapADMINTest(String, String, boolean)[2]" classname="library_management.ReaderTest" time="0.029"/>
  <testcase name="checkPass_SimilarTest(String, String, boolean)[1]" classname="library_management.ReaderTest" time="0.001"/>
  <testcase name="checkPass_SimilarTest(String, String, boolean)[2]" classname="library_management.ReaderTest" time="0"/>
  <testcase name="check_PhoneNumberValidTest(String, boolean)[1]" classname="library_management.ReaderTest" time="0.001"/>
  <testcase name="check_PhoneNumberValidTest(String, boolean)[2]" classname="library_management.ReaderTest" time="0"/>
  <testcase name="check_PhoneNumberValidTest(String, boolean)[3]" classname="library_management.ReaderTest" time="0.005"/>
  <testcase name="KiemTraDangNhapUSERTest(String, String, boolean)[1]" classname="library_management.ReaderTest" time="0.025"/>
  <testcase name="KiemTraDangNhapUSERTest(String, String, boolean)[2]" classname="library_management.ReaderTest" time="0.022"/>
  <testcase name="checkPass_less6characterTest(String, boolean)[1]" classname="library_management.ReaderTest" time="0.001"/>
  <testcase name="checkPass_less6characterTest(String, boolean)[2]" classname="library_management.ReaderTest" time="0.001"/>
  <testcase name="checkPass_less6characterTest(String, boolean)[3]" classname="library_management.ReaderTest" time="0.001"/>
  <testcase name="checkPass_less6characterTest(String, boolean)[4]" classname="library_management.ReaderTest" time="0"/>
</testsuite>